#
# There is insufficient memory for the Java Runtime Environment to continue.
# Native memory allocation (malloc) failed to allocate 1107856 bytes for Chunk::new
# Possible reasons:
#   The system is out of physical RAM or swap space
#   The process is running with CompressedOops enabled, and the Java Heap may be blocking the growth of the native heap
# Possible solutions:
#   Reduce memory load on the system
#   Increase physical memory or swap space
#   Check if swap backing store is full
#   Decrease Java heap size (-Xmx/-Xms)
#   Decrease number of Java threads
#   Decrease Java thread stack sizes (-Xss)
#   Set larger code cache with -XX:ReservedCodeCacheSize=
#   JVM is running with Unscaled Compressed Oops mode in which the Java heap is
#     placed in the first 4GB address space. The Java Heap base address is the
#     maximum limit for the native heap growth. Please use -XX:HeapBaseMinAddress
#     to set the Java Heap base and to place the Java Heap above 4GB virtual address.
# This output file may be truncated or incomplete.
#
#  Out of Memory Error (./src/hotspot/share/memory/arena.cpp:197), pid=10956, tid=12972
#
# JRE version: OpenJDK Runtime Environment (11.0.13) (build 11.0.13+0-b1751.21-8125866)
# Java VM: OpenJDK 64-Bit Server VM (11.0.13+0-b1751.21-8125866, mixed mode, tiered, compressed oops, g1 gc, windows-amd64)
# No core dump will be written. Minidumps are not enabled by default on client versions of Windows
#

---------------  S U M M A R Y ------------

Command Line: --add-opens=java.base/java.util=ALL-UNNAMED --add-opens=java.base/java.lang=ALL-UNNAMED --add-opens=java.base/java.lang.invoke=ALL-UNNAMED --add-opens=java.base/java.util=ALL-UNNAMED --add-opens=java.prefs/java.util.prefs=ALL-UNNAMED --add-opens=java.prefs/java.util.prefs=ALL-UNNAMED --add-opens=java.base/java.nio.charset=ALL-UNNAMED --add-opens=java.base/java.net=ALL-UNNAMED --add-opens=java.base/java.util.concurrent.atomic=ALL-UNNAMED -Xmx2048m -Dfile.encoding=UTF-8 -Duser.country=MY -Duser.language=en -Duser.variant org.gradle.launcher.daemon.bootstrap.GradleDaemon 7.4

Host: AMD Ryzen 5 4500U with Radeon Graphics         , 6 cores, 3G,  Windows 11 , 64 bit Build 22621 (10.0.22621.1105)
Time: Mon Jan 23 22:10:27 2023 Malay Peninsula Standard Time elapsed time: 47.810774 seconds (0d 0h 0m 47s)

---------------  T H R E A D  ---------------

Current thread (0x0000027a7f0fa800):  JavaThread "C2 CompilerThread0" daemon [_thread_in_native, id=12972, stack(0x000000d1f5100000,0x000000d1f5200000)]


Current CompileTask:
C2:  47811 6764       4       java.lang.Class::getMethodsRecursive (99 bytes)

Stack: [0x000000d1f5100000,0x000000d1f5200000]
Native frames: (J=compiled Java code, j=interpreted, Vv=VM code, C=native code)
V  [jvm.dll+0x6100fa]
V  [jvm.dll+0x747090]
V  [jvm.dll+0x7486ad]
V  [jvm.dll+0x748d83]
V  [jvm.dll+0x24ab48]
V  [jvm.dll+0xc04dc]
V  [jvm.dll+0xc0a0c]
V  [jvm.dll+0x35eb9d]
V  [jvm.dll+0x32b833]
V  [jvm.dll+0x32ad2a]
V  [jvm.dll+0x2032b2]
V  [jvm.dll+0x202437]
V  [jvm.dll+0x188e01]
V  [jvm.dll+0x21106b]
V  [jvm.dll+0x20f8c1]
V  [jvm.dll+0x70de0f]
V  [jvm.dll+0x706a75]
V  [jvm.dll+0x60ed66]
C  [ucrtbase.dll+0x29363]
C  [KERNEL32.DLL+0x126bd]
C  [ntdll.dll+0x5dfb8]


---------------  P R O C E S S  ---------------

Threads class SMR info:
_java_thread_list=0x0000027a0427a890, length=100, elements={
0x0000027a6509a800, 0x0000027a7f096800, 0x0000027a7f0a0000, 0x0000027a7f0f3800,
0x0000027a7f0f6800, 0x0000027a7f0f7800, 0x0000027a7f0fa800, 0x0000027a7f0ff800,
0x0000027a7fa12800, 0x0000027a7fb72000, 0x0000027a0375f000, 0x0000027a03776000,
0x0000027a03784800, 0x0000027a027ec000, 0x0000027a02743800, 0x0000027a02cf8000,
0x0000027a02cf9000, 0x0000027a03cf9800, 0x0000027a03cfa000, 0x0000027a026e0000,
0x0000027a042d5000, 0x0000027a042d1800, 0x0000027a042d1000, 0x0000027a042d2800,
0x0000027a042d3800, 0x0000027a042d4000, 0x0000027a042cf800, 0x0000027a042d6000,
0x0000027a042d0000, 0x0000027a045bf800, 0x0000027a045bd000, 0x0000027a045c3000,
0x0000027a045be800, 0x0000027a045c3800, 0x0000027a045c2000, 0x0000027a045be000,
0x0000027a045c6000, 0x0000027a045c9800, 0x0000027a045ca000, 0x0000027a045c7000,
0x0000027a045c4800, 0x0000027a045c8800, 0x0000027a045cb000, 0x0000027a045c5800,
0x0000027a045cc000, 0x0000027a045c7800, 0x0000027a0693d800, 0x0000027a06939800,
0x0000027a0693b000, 0x0000027a06940000, 0x0000027a0693e000, 0x0000027a0693a000,
0x0000027a0693f000, 0x0000027a06941800, 0x0000027a06940800, 0x0000027a0693b800,
0x0000027a06942800, 0x0000027a0693c800, 0x0000027a06943000, 0x0000027a06944000,
0x0000027a06945800, 0x0000027a06946800, 0x0000027a06944800, 0x0000027a06947000,
0x0000027a06948000, 0x0000027a068d7000, 0x0000027a068da000, 0x0000027a068dc000,
0x0000027a068d7800, 0x0000027a068dd800, 0x0000027a068dc800, 0x0000027a068de000,
0x0000027a068d9800, 0x0000027a068db000, 0x0000027a068d8800, 0x0000027a068e4800,
0x0000027a068e3000, 0x0000027a068e2800, 0x0000027a068e4000, 0x0000027a068e0000,
0x0000027a068e0800, 0x0000027a068df000, 0x0000027a068e5800, 0x0000027a068e1800,
0x0000027a066a0000, 0x0000027a066a2800, 0x0000027a066a4800, 0x0000027a066a5800,
0x0000027a066a6800, 0x0000027a066a0800, 0x0000027a066a3000, 0x0000027a066a4000,
0x0000027a066a7000, 0x0000027a066a1800, 0x0000027a066ac000, 0x0000027a066a9800,
0x0000027a066ad000, 0x0000027a066ad800, 0x0000027a066aa800, 0x0000027a066ae800
}

Java Threads: ( => current thread )
  0x0000027a6509a800 JavaThread "main" [_thread_blocked, id=8808, stack(0x000000d1f4500000,0x000000d1f4600000)]
  0x0000027a7f096800 JavaThread "Reference Handler" daemon [_thread_blocked, id=6840, stack(0x000000d1f4c00000,0x000000d1f4d00000)]
  0x0000027a7f0a0000 JavaThread "Finalizer" daemon [_thread_blocked, id=6528, stack(0x000000d1f4d00000,0x000000d1f4e00000)]
  0x0000027a7f0f3800 JavaThread "Signal Dispatcher" daemon [_thread_blocked, id=13260, stack(0x000000d1f4e00000,0x000000d1f4f00000)]
  0x0000027a7f0f6800 JavaThread "Attach Listener" daemon [_thread_blocked, id=10440, stack(0x000000d1f4f00000,0x000000d1f5000000)]
  0x0000027a7f0f7800 JavaThread "Service Thread" daemon [_thread_blocked, id=12904, stack(0x000000d1f5000000,0x000000d1f5100000)]
=>0x0000027a7f0fa800 JavaThread "C2 CompilerThread0" daemon [_thread_in_native, id=12972, stack(0x000000d1f5100000,0x000000d1f5200000)]
  0x0000027a7f0ff800 JavaThread "C1 CompilerThread0" daemon [_thread_blocked, id=1324, stack(0x000000d1f5200000,0x000000d1f5300000)]
  0x0000027a7fa12800 JavaThread "Sweeper thread" daemon [_thread_blocked, id=17140, stack(0x000000d1f5300000,0x000000d1f5400000)]
  0x0000027a7fb72000 JavaThread "Common-Cleaner" daemon [_thread_blocked, id=16380, stack(0x000000d1f5400000,0x000000d1f5500000)]
  0x0000027a0375f000 JavaThread "Daemon health stats" [_thread_blocked, id=2964, stack(0x000000d1f5700000,0x000000d1f5800000)]
  0x0000027a03776000 JavaThread "Incoming local TCP Connector on port 49211" [_thread_in_native, id=16272, stack(0x000000d1f5a00000,0x000000d1f5b00000)]
  0x0000027a03784800 JavaThread "Daemon periodic checks" [_thread_blocked, id=5864, stack(0x000000d1f5b00000,0x000000d1f5c00000)]
  0x0000027a027ec000 JavaThread "Daemon" [_thread_blocked, id=13320, stack(0x000000d1f5c00000,0x000000d1f5d00000)]
  0x0000027a02743800 JavaThread "Handler for socket connection from /127.0.0.1:49211 to /127.0.0.1:49212" [_thread_in_native, id=13804, stack(0x000000d1f5d00000,0x000000d1f5e00000)]
  0x0000027a02cf8000 JavaThread "Cancel handler" [_thread_blocked, id=6496, stack(0x000000d1f5e00000,0x000000d1f5f00000)]
  0x0000027a02cf9000 JavaThread "Daemon worker" [_thread_in_native, id=15924, stack(0x000000d1f5f00000,0x000000d1f6000000)]
  0x0000027a03cf9800 JavaThread "Asynchronous log dispatcher for DefaultDaemonConnection: socket connection from /127.0.0.1:49211 to /127.0.0.1:49212" [_thread_blocked, id=16404, stack(0x000000d1f6000000,0x000000d1f6100000)]
  0x0000027a03cfa000 JavaThread "Stdin handler" [_thread_blocked, id=8132, stack(0x000000d1f6100000,0x000000d1f6200000)]
  0x0000027a026e0000 JavaThread "Daemon client event forwarder" [_thread_blocked, id=13984, stack(0x000000d1f6200000,0x000000d1f6300000)]
  0x0000027a042d5000 JavaThread "Cache worker for journal cache (C:\Users\amiru\.gradle\caches\journal-1)" [_thread_blocked, id=3444, stack(0x000000d1f6500000,0x000000d1f6600000)]
  0x0000027a042d1800 JavaThread "File lock request listener" [_thread_in_native, id=17340, stack(0x000000d1f6600000,0x000000d1f6700000)]
  0x0000027a042d1000 JavaThread "Cache worker for file hash cache (C:\Users\amiru\.gradle\caches\7.4\fileHashes)" [_thread_blocked, id=13460, stack(0x000000d1f6700000,0x000000d1f6800000)]
  0x0000027a042d2800 JavaThread "File watcher server" daemon [_thread_in_native, id=3588, stack(0x000000d1f6900000,0x000000d1f6a00000)]
  0x0000027a042d3800 JavaThread "File watcher consumer" daemon [_thread_blocked, id=5820, stack(0x000000d1f6a00000,0x000000d1f6b00000)]
  0x0000027a042d4000 JavaThread "Cache worker for checksums cache (C:\Users\amiru\AndroidStudioProjects\GroupProject\.gradle\7.4\checksums)" [_thread_blocked, id=4404, stack(0x000000d1f6b00000,0x000000d1f6c00000)]
  0x0000027a042cf800 JavaThread "Cache worker for cache directory md-rule (C:\Users\amiru\.gradle\caches\7.4\md-rule)" [_thread_blocked, id=8448, stack(0x000000d1f6c00000,0x000000d1f6d00000)]
  0x0000027a042d6000 JavaThread "Cache worker for file hash cache (C:\Users\amiru\AndroidStudioProjects\GroupProject\.gradle\7.4\fileHashes)" [_thread_blocked, id=9396, stack(0x000000d1f6d00000,0x000000d1f6e00000)]
  0x0000027a042d0000 JavaThread "Cache worker for cache directory md-supplier (C:\Users\amiru\.gradle\caches\7.4\md-supplier)" [_thread_blocked, id=13304, stack(0x000000d1f6e00000,0x000000d1f6f00000)]
  0x0000027a045bf800 JavaThread "Cache worker for execution history cache (C:\Users\amiru\.gradle\caches\7.4\executionHistory)" [_thread_blocked, id=9656, stack(0x000000d1f6f00000,0x000000d1f7000000)]
  0x0000027a045bd000 JavaThread "jar transforms" [_thread_blocked, id=1152, stack(0x000000d1f7000000,0x000000d1f7100000)]
  0x0000027a045c3000 JavaThread "Cache worker for file content cache (C:\Users\amiru\.gradle\caches\7.4\fileContent)" [_thread_blocked, id=12060, stack(0x000000d1f7100000,0x000000d1f7200000)]
  0x0000027a045be800 JavaThread "jar transforms Thread 2" [_thread_blocked, id=13576, stack(0x000000d1f7200000,0x000000d1f7300000)]
  0x0000027a045c3800 JavaThread "Cache worker for dependencies-accessors (C:\Users\amiru\AndroidStudioProjects\GroupProject\.gradle\7.4\dependencies-accessors)" [_thread_blocked, id=10204, stack(0x000000d1f7300000,0x000000d1f7400000)]
  0x0000027a045c2000 JavaThread "jar transforms Thread 3" [_thread_blocked, id=14612, stack(0x000000d1f7400000,0x000000d1f7500000)]
  0x0000027a045be000 JavaThread "Cache worker for Build Output Cleanup Cache (C:\Users\amiru\AndroidStudioProjects\GroupProject\.gradle\buildOutputCleanup)" [_thread_blocked, id=16776, stack(0x000000d1f7500000,0x000000d1f7600000)]
  0x0000027a045c6000 JavaThread "Unconstrained build operations" [_thread_blocked, id=4824, stack(0x000000d1f7600000,0x000000d1f7700000)]
  0x0000027a045c9800 JavaThread "Unconstrained build operations Thread 2" [_thread_blocked, id=2304, stack(0x000000d1f7700000,0x000000d1f7800000)]
  0x0000027a045ca000 JavaThread "Unconstrained build operations Thread 3" [_thread_blocked, id=15828, stack(0x000000d1f7800000,0x000000d1f7900000)]
  0x0000027a045c7000 JavaThread "Unconstrained build operations Thread 4" [_thread_blocked, id=10496, stack(0x000000d1f7900000,0x000000d1f7a00000)]
  0x0000027a045c4800 JavaThread "Unconstrained build operations Thread 5" [_thread_blocked, id=15032, stack(0x000000d1f7a00000,0x000000d1f7b00000)]
  0x0000027a045c8800 JavaThread "Unconstrained build operations Thread 6" [_thread_blocked, id=1532, stack(0x000000d1f7b00000,0x000000d1f7c00000)]
  0x0000027a045cb000 JavaThread "Unconstrained build operations Thread 7" [_thread_blocked, id=14164, stack(0x000000d1f7c00000,0x000000d1f7d00000)]
  0x0000027a045c5800 JavaThread "Unconstrained build operations Thread 8" [_thread_blocked, id=10180, stack(0x000000d1f7d00000,0x000000d1f7e00000)]
  0x0000027a045cc000 JavaThread "Unconstrained build operations Thread 9" [_thread_blocked, id=10848, stack(0x000000d1f7e00000,0x000000d1f7f00000)]
  0x0000027a045c7800 JavaThread "Unconstrained build operations Thread 10" [_thread_blocked, id=4528, stack(0x000000d1f7f00000,0x000000d1f8000000)]
  0x0000027a0693d800 JavaThread "Unconstrained build operations Thread 11" [_thread_blocked, id=11680, stack(0x000000d1f8000000,0x000000d1f8100000)]
  0x0000027a06939800 JavaThread "Unconstrained build operations Thread 12" [_thread_blocked, id=13376, stack(0x000000d1f8100000,0x000000d1f8200000)]
  0x0000027a0693b000 JavaThread "Unconstrained build operations Thread 13" [_thread_blocked, id=3636, stack(0x000000d1f8200000,0x000000d1f8300000)]
  0x0000027a06940000 JavaThread "Unconstrained build operations Thread 14" [_thread_blocked, id=6732, stack(0x000000d1f8300000,0x000000d1f8400000)]
  0x0000027a0693e000 JavaThread "Unconstrained build operations Thread 15" [_thread_blocked, id=14952, stack(0x000000d1f8400000,0x000000d1f8500000)]
  0x0000027a0693a000 JavaThread "Unconstrained build operations Thread 16" [_thread_blocked, id=15164, stack(0x000000d1f8500000,0x000000d1f8600000)]
  0x0000027a0693f000 JavaThread "Unconstrained build operations Thread 17" [_thread_blocked, id=7364, stack(0x000000d1f8600000,0x000000d1f8700000)]
  0x0000027a06941800 JavaThread "Unconstrained build operations Thread 18" [_thread_blocked, id=14376, stack(0x000000d1f8700000,0x000000d1f8800000)]
  0x0000027a06940800 JavaThread "Unconstrained build operations Thread 19" [_thread_blocked, id=9416, stack(0x000000d1f8800000,0x000000d1f8900000)]
  0x0000027a0693b800 JavaThread "Unconstrained build operations Thread 20" [_thread_blocked, id=5772, stack(0x000000d1f8900000,0x000000d1f8a00000)]
  0x0000027a06942800 JavaThread "Unconstrained build operations Thread 21" [_thread_blocked, id=12988, stack(0x000000d1f8a00000,0x000000d1f8b00000)]
  0x0000027a0693c800 JavaThread "Unconstrained build operations Thread 22" [_thread_blocked, id=5212, stack(0x000000d1f8b00000,0x000000d1f8c00000)]
  0x0000027a06943000 JavaThread "Unconstrained build operations Thread 23" [_thread_blocked, id=1196, stack(0x000000d1f8c00000,0x000000d1f8d00000)]
  0x0000027a06944000 JavaThread "Unconstrained build operations Thread 24" [_thread_blocked, id=12040, stack(0x000000d1f8d00000,0x000000d1f8e00000)]
  0x0000027a06945800 JavaThread "Unconstrained build operations Thread 25" [_thread_blocked, id=10296, stack(0x000000d1f8e00000,0x000000d1f8f00000)]
  0x0000027a06946800 JavaThread "Unconstrained build operations Thread 26" [_thread_blocked, id=13796, stack(0x000000d1f8f00000,0x000000d1f9000000)]
  0x0000027a06944800 JavaThread "Unconstrained build operations Thread 27" [_thread_blocked, id=3028, stack(0x000000d1f9000000,0x000000d1f9100000)]
  0x0000027a06947000 JavaThread "Unconstrained build operations Thread 28" [_thread_blocked, id=11588, stack(0x000000d1f9100000,0x000000d1f9200000)]
  0x0000027a06948000 JavaThread "Unconstrained build operations Thread 29" [_thread_blocked, id=3952, stack(0x000000d1f9200000,0x000000d1f9300000)]
  0x0000027a068d7000 JavaThread "Unconstrained build operations Thread 30" [_thread_blocked, id=15096, stack(0x000000d1f9300000,0x000000d1f9400000)]
  0x0000027a068da000 JavaThread "Unconstrained build operations Thread 31" [_thread_blocked, id=12976, stack(0x000000d1f9400000,0x000000d1f9500000)]
  0x0000027a068dc000 JavaThread "Unconstrained build operations Thread 32" [_thread_blocked, id=15008, stack(0x000000d1f9500000,0x000000d1f9600000)]
  0x0000027a068d7800 JavaThread "Unconstrained build operations Thread 33" [_thread_blocked, id=13040, stack(0x000000d1f9600000,0x000000d1f9700000)]
  0x0000027a068dd800 JavaThread "Unconstrained build operations Thread 34" [_thread_blocked, id=16228, stack(0x000000d1f9700000,0x000000d1f9800000)]
  0x0000027a068dc800 JavaThread "Unconstrained build operations Thread 35" [_thread_blocked, id=11212, stack(0x000000d1f9800000,0x000000d1f9900000)]
  0x0000027a068de000 JavaThread "Unconstrained build operations Thread 36" [_thread_blocked, id=14884, stack(0x000000d1f9900000,0x000000d1f9a00000)]
  0x0000027a068d9800 JavaThread "Unconstrained build operations Thread 37" [_thread_blocked, id=13968, stack(0x000000d1f9a00000,0x000000d1f9b00000)]
  0x0000027a068db000 JavaThread "Unconstrained build operations Thread 38" [_thread_blocked, id=8540, stack(0x000000d1f9b00000,0x000000d1f9c00000)]
  0x0000027a068d8800 JavaThread "Unconstrained build operations Thread 39" [_thread_blocked, id=10456, stack(0x000000d1f9c00000,0x000000d1f9d00000)]
  0x0000027a068e4800 JavaThread "Unconstrained build operations Thread 40" [_thread_blocked, id=14036, stack(0x000000d1f9d00000,0x000000d1f9e00000)]
  0x0000027a068e3000 JavaThread "Unconstrained build operations Thread 41" [_thread_blocked, id=7424, stack(0x000000d1f9e00000,0x000000d1f9f00000)]
  0x0000027a068e2800 JavaThread "Unconstrained build operations Thread 42" [_thread_blocked, id=1412, stack(0x000000d1f9f00000,0x000000d1fa000000)]
  0x0000027a068e4000 JavaThread "Unconstrained build operations Thread 43" [_thread_blocked, id=10096, stack(0x000000d1fa000000,0x000000d1fa100000)]
  0x0000027a068e0000 JavaThread "Unconstrained build operations Thread 44" [_thread_blocked, id=11080, stack(0x000000d1fa100000,0x000000d1fa200000)]
  0x0000027a068e0800 JavaThread "Unconstrained build operations Thread 45" [_thread_blocked, id=14796, stack(0x000000d1fa200000,0x000000d1fa300000)]
  0x0000027a068df000 JavaThread "Unconstrained build operations Thread 46" [_thread_blocked, id=10572, stack(0x000000d1fa300000,0x000000d1fa400000)]
  0x0000027a068e5800 JavaThread "Unconstrained build operations Thread 47" [_thread_blocked, id=13696, stack(0x000000d1fa400000,0x000000d1fa500000)]
  0x0000027a068e1800 JavaThread "Unconstrained build operations Thread 48" [_thread_blocked, id=13028, stack(0x000000d1fa500000,0x000000d1fa600000)]
  0x0000027a066a0000 JavaThread "Unconstrained build operations Thread 49" [_thread_blocked, id=9576, stack(0x000000d1fa600000,0x000000d1fa700000)]
  0x0000027a066a2800 JavaThread "Unconstrained build operations Thread 50" [_thread_blocked, id=5728, stack(0x000000d1fa700000,0x000000d1fa800000)]
  0x0000027a066a4800 JavaThread "Unconstrained build operations Thread 51" [_thread_blocked, id=9784, stack(0x000000d1fa800000,0x000000d1fa900000)]
  0x0000027a066a5800 JavaThread "Unconstrained build operations Thread 52" [_thread_blocked, id=14692, stack(0x000000d1fa900000,0x000000d1faa00000)]
  0x0000027a066a6800 JavaThread "Unconstrained build operations Thread 53" [_thread_blocked, id=14844, stack(0x000000d1faa00000,0x000000d1fab00000)]
  0x0000027a066a0800 JavaThread "Unconstrained build operations Thread 54" [_thread_blocked, id=2140, stack(0x000000d1fab00000,0x000000d1fac00000)]
  0x0000027a066a3000 JavaThread "Unconstrained build operations Thread 55" [_thread_blocked, id=6184, stack(0x000000d1fac00000,0x000000d1fad00000)]
  0x0000027a066a4000 JavaThread "Unconstrained build operations Thread 56" [_thread_blocked, id=5440, stack(0x000000d1fad00000,0x000000d1fae00000)]
  0x0000027a066a7000 JavaThread "Unconstrained build operations Thread 57" [_thread_blocked, id=11852, stack(0x000000d1fae00000,0x000000d1faf00000)]
  0x0000027a066a1800 JavaThread "Unconstrained build operations Thread 58" [_thread_blocked, id=12100, stack(0x000000d1faf00000,0x000000d1fb000000)]
  0x0000027a066ac000 JavaThread "Unconstrained build operations Thread 59" [_thread_blocked, id=2696, stack(0x000000d1fb000000,0x000000d1fb100000)]
  0x0000027a066a9800 JavaThread "Unconstrained build operations Thread 60" [_thread_blocked, id=16516, stack(0x000000d1fb100000,0x000000d1fb200000)]
  0x0000027a066ad000 JavaThread "jar transforms Thread 4" [_thread_blocked, id=14248, stack(0x000000d1fb200000,0x000000d1fb300000)]
  0x0000027a066ad800 JavaThread "jar transforms Thread 5" [_thread_blocked, id=14504, stack(0x000000d1fb300000,0x000000d1fb400000)]
  0x0000027a066aa800 JavaThread "jar transforms Thread 6" [_thread_blocked, id=13944, stack(0x000000d1fb400000,0x000000d1fb500000)]
  0x0000027a066ae800 JavaThread "Memory manager" [_thread_blocked, id=6172, stack(0x000000d1fb700000,0x000000d1fb800000)]

Other Threads:
  0x0000027a7f094800 VMThread "VM Thread" [stack: 0x000000d1f4b00000,0x000000d1f4c00000] [id=14312]
  0x0000027a7fba1800 WatcherThread [stack: 0x000000d1f5500000,0x000000d1f5600000] [id=13888]
  0x0000027a650b4000 GCTaskThread "GC Thread#0" [stack: 0x000000d1f4600000,0x000000d1f4700000] [id=1488]
  0x0000027a0253e000 GCTaskThread "GC Thread#1" [stack: 0x000000d1f5600000,0x000000d1f5700000] [id=4052]
  0x0000027a02542800 GCTaskThread "GC Thread#2" [stack: 0x000000d1f5800000,0x000000d1f5900000] [id=15528]
  0x0000027a0253c800 GCTaskThread "GC Thread#3" [stack: 0x000000d1f5900000,0x000000d1f5a00000] [id=8352]
  0x0000027a0253d800 GCTaskThread "GC Thread#4" [stack: 0x000000d1f6300000,0x000000d1f6400000] [id=11508]
  0x0000027a0253f800 GCTaskThread "GC Thread#5" [stack: 0x000000d1f6400000,0x000000d1f6500000] [id=12620]
  0x0000027a650e7000 ConcurrentGCThread "G1 Main Marker" [stack: 0x000000d1f4700000,0x000000d1f4800000] [id=10024]
  0x0000027a650e9800 ConcurrentGCThread "G1 Conc#0" [stack: 0x000000d1f4800000,0x000000d1f4900000] [id=9480]
  0x0000027a0253c000 ConcurrentGCThread "G1 Conc#1" [stack: 0x000000d1f6800000,0x000000d1f6900000] [id=10092]
  0x0000027a6513b800 ConcurrentGCThread "G1 Refine#0" [stack: 0x000000d1f4900000,0x000000d1f4a00000] [id=6156]
  0x0000027a6513d000 ConcurrentGCThread "G1 Young RemSet Sampling" [stack: 0x000000d1f4a00000,0x000000d1f4b00000] [id=8472]

Threads with active compile tasks:
C2 CompilerThread0  47916 6764       4       java.lang.Class::getMethodsRecursive (99 bytes)

VM state:not at safepoint (normal execution)

VM Mutex/Monitor currently owned by a thread: None

Heap address: 0x0000000080000000, size: 2048 MB, Compressed Oops mode: 32-bit
Narrow klass base: 0x0000000000000000, Narrow klass shift: 3
Compressed class space size: 1073741824 Address: 0x0000000100000000

Heap:
 garbage-first heap   total 101376K, used 61206K [0x0000000080000000, 0x0000000100000000)
  region size 1024K, 9 young (9216K), 2 survivors (2048K)
 Metaspace       used 65508K, capacity 67082K, committed 67408K, reserved 1107968K
  class space    used 8252K, capacity 8819K, committed 8908K, reserved 1048576K
Heap Regions: E=young(eden), S=young(survivor), O=old, HS=humongous(starts), HC=humongous(continues), CS=collection set, F=free, A=archive, TAMS=top-at-mark-start (previous, next)
|   0|0x0000000080000000, 0x0000000080100000, 0x0000000080100000|100%| O|  |TAMS 0x0000000080100000, 0x0000000080000000| Untracked 
|   1|0x0000000080100000, 0x0000000080200000, 0x0000000080200000|100%| O|  |TAMS 0x0000000080200000, 0x0000000080100000| Untracked 
|   2|0x0000000080200000, 0x0000000080300000, 0x0000000080300000|100%| O|  |TAMS 0x0000000080300000, 0x0000000080200000| Untracked 
|   3|0x0000000080300000, 0x0000000080400000, 0x0000000080400000|100%|HS|  |TAMS 0x0000000080400000, 0x0000000080300000| Complete 
|   4|0x0000000080400000, 0x0000000080500000, 0x0000000080500000|100%|HC|  |TAMS 0x0000000080500000, 0x0000000080400000| Complete 
|   5|0x0000000080500000, 0x0000000080600000, 0x0000000080600000|100%|HC|  |TAMS 0x0000000080600000, 0x0000000080500000| Complete 
|   6|0x0000000080600000, 0x0000000080700000, 0x0000000080700000|100%| O|  |TAMS 0x0000000080700000, 0x0000000080600000| Untracked 
|   7|0x0000000080700000, 0x0000000080800000, 0x0000000080800000|100%| O|  |TAMS 0x0000000080800000, 0x0000000080700000| Untracked 
|   8|0x0000000080800000, 0x0000000080900000, 0x0000000080900000|100%| O|  |TAMS 0x0000000080900000, 0x0000000080800000| Untracked 
|   9|0x0000000080900000, 0x0000000080a00000, 0x0000000080a00000|100%| O|  |TAMS 0x0000000080a00000, 0x0000000080900000| Untracked 
|  10|0x0000000080a00000, 0x0000000080b00000, 0x0000000080b00000|100%| O|  |TAMS 0x0000000080b00000, 0x0000000080a00000| Untracked 
|  11|0x0000000080b00000, 0x0000000080c00000, 0x0000000080c00000|100%| O|  |TAMS 0x0000000080c00000, 0x0000000080b00000| Untracked 
|  12|0x0000000080c00000, 0x0000000080d00000, 0x0000000080d00000|100%| O|  |TAMS 0x0000000080d00000, 0x0000000080c00000| Untracked 
|  13|0x0000000080d00000, 0x0000000080e00000, 0x0000000080e00000|100%| O|  |TAMS 0x0000000080e00000, 0x0000000080d00000| Untracked 
|  14|0x0000000080e00000, 0x0000000080f00000, 0x0000000080f00000|100%| O|  |TAMS 0x0000000080f00000, 0x0000000080e00000| Untracked 
|  15|0x0000000080f00000, 0x0000000081000000, 0x0000000081000000|100%| O|  |TAMS 0x0000000081000000, 0x0000000080f00000| Untracked 
|  16|0x0000000081000000, 0x0000000081100000, 0x0000000081100000|100%| O|  |TAMS 0x0000000081100000, 0x0000000081000000| Untracked 
|  17|0x0000000081100000, 0x0000000081200000, 0x0000000081200000|100%| O|  |TAMS 0x0000000081200000, 0x0000000081100000| Untracked 
|  18|0x0000000081200000, 0x0000000081300000, 0x0000000081300000|100%| O|  |TAMS 0x0000000081300000, 0x0000000081200000| Untracked 
|  19|0x0000000081300000, 0x0000000081400000, 0x0000000081400000|100%| O|  |TAMS 0x0000000081400000, 0x0000000081300000| Untracked 
|  20|0x0000000081400000, 0x0000000081500000, 0x0000000081500000|100%| O|  |TAMS 0x0000000081500000, 0x0000000081400000| Untracked 
|  21|0x0000000081500000, 0x0000000081600000, 0x0000000081600000|100%| O|  |TAMS 0x0000000081600000, 0x0000000081500000| Untracked 
|  22|0x0000000081600000, 0x0000000081700000, 0x0000000081700000|100%| O|  |TAMS 0x0000000081700000, 0x0000000081600000| Untracked 
|  23|0x0000000081700000, 0x0000000081800000, 0x0000000081800000|100%| O|  |TAMS 0x0000000081800000, 0x0000000081700000| Untracked 
|  24|0x0000000081800000, 0x0000000081900000, 0x0000000081900000|100%| O|  |TAMS 0x0000000081900000, 0x0000000081800000| Untracked 
|  25|0x0000000081900000, 0x0000000081a00000, 0x0000000081a00000|100%| O|  |TAMS 0x0000000081a00000, 0x0000000081900000| Untracked 
|  26|0x0000000081a00000, 0x0000000081b00000, 0x0000000081b00000|100%| O|  |TAMS 0x0000000081b00000, 0x0000000081a00000| Untracked 
|  27|0x0000000081b00000, 0x0000000081c00000, 0x0000000081c00000|100%| O|  |TAMS 0x0000000081c00000, 0x0000000081b00000| Untracked 
|  28|0x0000000081c00000, 0x0000000081d00000, 0x0000000081d00000|100%| O|  |TAMS 0x0000000081d00000, 0x0000000081c00000| Untracked 
|  29|0x0000000081d00000, 0x0000000081e00000, 0x0000000081e00000|100%|HS|  |TAMS 0x0000000081e00000, 0x0000000081d00000| Complete 
|  30|0x0000000081e00000, 0x0000000081f00000, 0x0000000081f00000|100%|HS|  |TAMS 0x0000000081f00000, 0x0000000081e00000| Complete 
|  31|0x0000000081f00000, 0x0000000082000000, 0x0000000082000000|100%| O|  |TAMS 0x0000000082000000, 0x0000000081f00000| Untracked 
|  32|0x0000000082000000, 0x0000000082100000, 0x0000000082100000|100%|HS|  |TAMS 0x0000000082100000, 0x0000000082000000| Complete 
|  33|0x0000000082100000, 0x0000000082200000, 0x0000000082200000|100%|HC|  |TAMS 0x0000000082200000, 0x0000000082100000| Complete 
|  34|0x0000000082200000, 0x0000000082300000, 0x0000000082300000|100%| O|  |TAMS 0x0000000082300000, 0x0000000082200000| Untracked 
|  35|0x0000000082300000, 0x0000000082400000, 0x0000000082400000|100%| O|  |TAMS 0x0000000082400000, 0x0000000082300000| Untracked 
|  36|0x0000000082400000, 0x0000000082500000, 0x0000000082500000|100%| O|  |TAMS 0x0000000082500000, 0x0000000082400000| Untracked 
|  37|0x0000000082500000, 0x0000000082600000, 0x0000000082600000|100%| O|  |TAMS 0x0000000082600000, 0x0000000082500000| Untracked 
|  38|0x0000000082600000, 0x0000000082700000, 0x0000000082700000|100%| O|  |TAMS 0x0000000082700000, 0x0000000082600000| Untracked 
|  39|0x0000000082700000, 0x0000000082800000, 0x0000000082800000|100%| O|  |TAMS 0x0000000082800000, 0x0000000082700000| Untracked 
|  40|0x0000000082800000, 0x0000000082900000, 0x0000000082900000|100%| O|  |TAMS 0x0000000082900000, 0x0000000082800000| Untracked 
|  41|0x0000000082900000, 0x0000000082a00000, 0x0000000082a00000|100%| O|  |TAMS 0x0000000082a00000, 0x0000000082900000| Untracked 
|  42|0x0000000082a00000, 0x0000000082b00000, 0x0000000082b00000|100%| O|  |TAMS 0x0000000082b00000, 0x0000000082a00000| Untracked 
|  43|0x0000000082b00000, 0x0000000082c00000, 0x0000000082c00000|100%| O|  |TAMS 0x0000000082c00000, 0x0000000082b00000| Untracked 
|  44|0x0000000082c00000, 0x0000000082d00000, 0x0000000082d00000|100%| O|  |TAMS 0x0000000082d00000, 0x0000000082c00000| Untracked 
|  45|0x0000000082d00000, 0x0000000082e00000, 0x0000000082e00000|100%| O|  |TAMS 0x0000000082d70600, 0x0000000082d00000| Untracked 
|  46|0x0000000082e00000, 0x0000000082e00000, 0x0000000082f00000|  0%| F|  |TAMS 0x0000000082e00000, 0x0000000082e00000| Untracked 
|  47|0x0000000082f00000, 0x0000000083000000, 0x0000000083000000|100%| O|  |TAMS 0x0000000083000000, 0x0000000082f00000| Untracked 
|  48|0x0000000083000000, 0x0000000083100000, 0x0000000083100000|100%| O|  |TAMS 0x0000000083000000, 0x0000000083000000| Untracked 
|  49|0x0000000083100000, 0x000000008310d400, 0x0000000083200000|  5%| O|  |TAMS 0x0000000083100000, 0x0000000083100000| Untracked 
|  50|0x0000000083200000, 0x0000000083300000, 0x0000000083300000|100%| O|  |TAMS 0x0000000083300000, 0x0000000083200000| Untracked 
|  51|0x0000000083300000, 0x0000000083400000, 0x0000000083400000|100%| O|  |TAMS 0x0000000083400000, 0x0000000083300000| Untracked 
|  52|0x0000000083400000, 0x0000000083500000, 0x0000000083500000|100%| O|  |TAMS 0x0000000083500000, 0x0000000083400000| Untracked 
|  53|0x0000000083500000, 0x0000000083500000, 0x0000000083600000|  0%| F|  |TAMS 0x0000000083500000, 0x0000000083500000| Untracked 
|  54|0x0000000083600000, 0x0000000083700000, 0x0000000083700000|100%| O|  |TAMS 0x0000000083700000, 0x0000000083600000| Untracked 
|  55|0x0000000083700000, 0x0000000083700000, 0x0000000083800000|  0%| F|  |TAMS 0x0000000083700000, 0x0000000083700000| Untracked 
|  56|0x0000000083800000, 0x0000000083800000, 0x0000000083900000|  0%| F|  |TAMS 0x0000000083800000, 0x0000000083800000| Untracked 
|  57|0x0000000083900000, 0x0000000083900000, 0x0000000083a00000|  0%| F|  |TAMS 0x0000000083900000, 0x0000000083900000| Untracked 
|  58|0x0000000083a00000, 0x0000000083a00000, 0x0000000083b00000|  0%| F|  |TAMS 0x0000000083a00000, 0x0000000083a00000| Untracked 
|  59|0x0000000083b00000, 0x0000000083b00000, 0x0000000083c00000|  0%| F|  |TAMS 0x0000000083b00000, 0x0000000083b00000| Untracked 
|  60|0x0000000083c00000, 0x0000000083c00000, 0x0000000083d00000|  0%| F|  |TAMS 0x0000000083c00000, 0x0000000083c00000| Untracked 
|  61|0x0000000083d00000, 0x0000000083d00000, 0x0000000083e00000|  0%| F|  |TAMS 0x0000000083d00000, 0x0000000083d00000| Untracked 
|  62|0x0000000083e00000, 0x0000000083e00000, 0x0000000083f00000|  0%| F|  |TAMS 0x0000000083e00000, 0x0000000083e00000| Untracked 
|  63|0x0000000083f00000, 0x0000000083f00000, 0x0000000084000000|  0%| F|  |TAMS 0x0000000083f00000, 0x0000000083f00000| Untracked 
|  64|0x0000000084000000, 0x0000000084000000, 0x0000000084100000|  0%| F|  |TAMS 0x0000000084000000, 0x0000000084000000| Untracked 
|  65|0x0000000084100000, 0x0000000084100000, 0x0000000084200000|  0%| F|  |TAMS 0x0000000084100000, 0x0000000084100000| Untracked 
|  66|0x0000000084200000, 0x0000000084200000, 0x0000000084300000|  0%| F|  |TAMS 0x0000000084200000, 0x0000000084200000| Untracked 
|  67|0x0000000084300000, 0x0000000084300000, 0x0000000084400000|  0%| F|  |TAMS 0x0000000084300000, 0x0000000084300000| Untracked 
|  68|0x0000000084400000, 0x0000000084400000, 0x0000000084500000|  0%| F|  |TAMS 0x0000000084400000, 0x0000000084400000| Untracked 
|  69|0x0000000084500000, 0x0000000084500000, 0x0000000084600000|  0%| F|  |TAMS 0x0000000084500000, 0x0000000084500000| Untracked 
|  70|0x0000000084600000, 0x0000000084600000, 0x0000000084700000|  0%| F|  |TAMS 0x0000000084600000, 0x0000000084600000| Untracked 
|  71|0x0000000084700000, 0x0000000084700000, 0x0000000084800000|  0%| F|  |TAMS 0x0000000084700000, 0x0000000084700000| Untracked 
|  72|0x0000000084800000, 0x0000000084800000, 0x0000000084900000|  0%| F|  |TAMS 0x0000000084800000, 0x0000000084800000| Untracked 
|  73|0x0000000084900000, 0x0000000084900000, 0x0000000084a00000|  0%| F|  |TAMS 0x0000000084900000, 0x0000000084900000| Untracked 
|  74|0x0000000084a00000, 0x0000000084ab8668, 0x0000000084b00000| 72%| S|CS|TAMS 0x0000000084a00000, 0x0000000084a00000| Complete 
|  75|0x0000000084b00000, 0x0000000084c00000, 0x0000000084c00000|100%| S|CS|TAMS 0x0000000084b00000, 0x0000000084b00000| Complete 
|  76|0x0000000084c00000, 0x0000000084c00000, 0x0000000084d00000|  0%| F|  |TAMS 0x0000000084c00000, 0x0000000084c00000| Untracked 
|  77|0x0000000084d00000, 0x0000000084d00000, 0x0000000084e00000|  0%| F|  |TAMS 0x0000000084d00000, 0x0000000084d00000| Untracked 
|  78|0x0000000084e00000, 0x0000000084e00000, 0x0000000084f00000|  0%| F|  |TAMS 0x0000000084e00000, 0x0000000084e00000| Untracked 
|  79|0x0000000084f00000, 0x0000000084f00000, 0x0000000085000000|  0%| F|  |TAMS 0x0000000084f00000, 0x0000000084f00000| Untracked 
|  80|0x0000000085000000, 0x0000000085000000, 0x0000000085100000|  0%| F|  |TAMS 0x0000000085000000, 0x0000000085000000| Untracked 
|  81|0x0000000085100000, 0x0000000085100000, 0x0000000085200000|  0%| F|  |TAMS 0x0000000085100000, 0x0000000085100000| Untracked 
|  82|0x0000000085200000, 0x0000000085200000, 0x0000000085300000|  0%| F|  |TAMS 0x0000000085200000, 0x0000000085200000| Untracked 
|  83|0x0000000085300000, 0x0000000085300000, 0x0000000085400000|  0%| F|  |TAMS 0x0000000085300000, 0x0000000085300000| Untracked 
|  84|0x0000000085400000, 0x0000000085400000, 0x0000000085500000|  0%| F|  |TAMS 0x0000000085400000, 0x0000000085400000| Untracked 
|  85|0x0000000085500000, 0x0000000085500000, 0x0000000085600000|  0%| F|  |TAMS 0x0000000085500000, 0x0000000085500000| Untracked 
|  86|0x0000000085600000, 0x0000000085600000, 0x0000000085700000|  0%| F|  |TAMS 0x0000000085600000, 0x0000000085600000| Untracked 
|  87|0x0000000085700000, 0x0000000085700000, 0x0000000085800000|  0%| F|  |TAMS 0x0000000085700000, 0x0000000085700000| Untracked 
|  88|0x0000000085800000, 0x0000000085800000, 0x0000000085900000|  0%| F|  |TAMS 0x0000000085800000, 0x0000000085800000| Untracked 
|  89|0x0000000085900000, 0x0000000085900000, 0x0000000085a00000|  0%| F|  |TAMS 0x0000000085900000, 0x0000000085900000| Untracked 
|  90|0x0000000085a00000, 0x0000000085a00000, 0x0000000085b00000|  0%| F|  |TAMS 0x0000000085a00000, 0x0000000085a00000| Untracked 
|  91|0x0000000085b00000, 0x0000000085b00000, 0x0000000085c00000|  0%| F|  |TAMS 0x0000000085b00000, 0x0000000085b00000| Untracked 
|  92|0x0000000085c00000, 0x0000000085d00000, 0x0000000085d00000|100%| E|  |TAMS 0x0000000085c00000, 0x0000000085c00000| Complete 
|  93|0x0000000085d00000, 0x0000000085e00000, 0x0000000085e00000|100%| E|CS|TAMS 0x0000000085d00000, 0x0000000085d00000| Complete 
|  94|0x0000000085e00000, 0x0000000085f00000, 0x0000000085f00000|100%| E|CS|TAMS 0x0000000085e00000, 0x0000000085e00000| Complete 
|  95|0x0000000085f00000, 0x0000000086000000, 0x0000000086000000|100%| E|CS|TAMS 0x0000000085f00000, 0x0000000085f00000| Complete 
|  96|0x0000000086000000, 0x0000000086100000, 0x0000000086100000|100%| E|CS|TAMS 0x0000000086000000, 0x0000000086000000| Complete 
|  97|0x0000000086100000, 0x0000000086200000, 0x0000000086200000|100%| E|CS|TAMS 0x0000000086100000, 0x0000000086100000| Complete 
|  98|0x0000000086200000, 0x0000000086300000, 0x0000000086300000|100%| E|CS|TAMS 0x0000000086200000, 0x0000000086200000| Complete 

Card table byte_map: [0x0000027a7a000000,0x0000027a7a400000] _byte_map_base: 0x0000027a79c00000

Marking Bits (Prev, Next): (CMBitMap*) 0x0000027a650de1a8, (CMBitMap*) 0x0000027a650de1e0
 Prev Bits: [0x0000027a7a800000, 0x0000027a7c800000)
 Next Bits: [0x0000027a7c800000, 0x0000027a7e800000)

Polling page: 0x0000027a65170000

Metaspace:

Usage:
  Non-class:     56.90 MB capacity,    55.91 MB ( 98%) used,   842.58 KB (  1%) free+waste,   165.00 KB ( <1%) overhead. 
      Class:      8.61 MB capacity,     8.06 MB ( 94%) used,   489.52 KB (  6%) free+waste,    76.56 KB ( <1%) overhead. 
       Both:     65.51 MB capacity,    63.97 MB ( 98%) used,     1.30 MB (  2%) free+waste,   241.56 KB ( <1%) overhead. 

Virtual space:
  Non-class space:       58.00 MB reserved,      57.13 MB ( 98%) committed 
      Class space:        1.00 GB reserved,       8.70 MB ( <1%) committed 
             Both:        1.06 GB reserved,      65.83 MB (  6%) committed 

Chunk freelists:
   Non-Class:  45.00 KB
       Class:  13.00 KB
        Both:  58.00 KB

MaxMetaspaceSize: 17179869184.00 GB
CompressedClassSpaceSize: 1.00 GB
Initial GC threshold: 20.80 MB
Current GC threshold: 107.63 MB
CDS: off

CodeHeap 'non-profiled nmethods': size=120064Kb used=3533Kb max_used=3533Kb free=116530Kb
 bounds [0x0000027a71e80000, 0x0000027a72200000, 0x0000027a793c0000]
CodeHeap 'profiled nmethods': size=120000Kb used=14073Kb max_used=14073Kb free=105926Kb
 bounds [0x0000027a6a950000, 0x0000027a6b710000, 0x0000027a71e80000]
CodeHeap 'non-nmethods': size=5696Kb used=2341Kb max_used=2380Kb free=3354Kb
 bounds [0x0000027a6a3c0000, 0x0000027a6a630000, 0x0000027a6a950000]
 total_blobs=7570 nmethods=6716 adapters=766
 compilation: enabled
              stopped_count=0, restarted_count=0
 full_count=0

Compilation events (20 events):
Event: 47.687 Thread 0x0000027a7f0ff800 6759       3       com.google.common.base.Stopwatch::elapsed (12 bytes)
Event: 47.687 Thread 0x0000027a7f0ff800 nmethod 6759 0x0000027a6b6e7910 code [0x0000027a6b6e7ae0, 0x0000027a6b6e7db8]
Event: 47.687 Thread 0x0000027a7f0ff800 6760       3       com.google.common.base.Stopwatch::elapsedNanos (32 bytes)
Event: 47.687 Thread 0x0000027a7f0ff800 nmethod 6760 0x0000027a6b6e7f10 code [0x0000027a6b6e80e0, 0x0000027a6b6e8328]
Event: 47.691 Thread 0x0000027a7f0fa800 6762       4       java.lang.ClassValue::get (31 bytes)
Event: 47.693 Thread 0x0000027a7f0fa800 nmethod 6762 0x0000027a721f2c90 code [0x0000027a721f2e40, 0x0000027a721f3018]
Event: 47.697 Thread 0x0000027a7f0ff800 6763       3       java.lang.Class::getMethod (59 bytes)
Event: 47.699 Thread 0x0000027a7f0ff800 nmethod 6763 0x0000027a6b6e8410 code [0x0000027a6b6e86e0, 0x0000027a6b6e92e8]
Event: 47.699 Thread 0x0000027a7f0fa800 6764       4       java.lang.Class::getMethodsRecursive (99 bytes)
Event: 47.710 Thread 0x0000027a7f0ff800 6766       3       org.codehaus.groovy.util.ReferenceManager$1::afterReferenceCreation (57 bytes)
Event: 47.710 Thread 0x0000027a7f0ff800 nmethod 6766 0x0000027a6b6e9790 code [0x0000027a6b6e9980, 0x0000027a6b6e9d98]
Event: 47.710 Thread 0x0000027a7f0ff800 6767  s    3       java.lang.ClassValue$ClassValueMap::startEntry (106 bytes)
Event: 47.711 Thread 0x0000027a7f0ff800 nmethod 6767 0x0000027a6b6e9f10 code [0x0000027a6b6ea1e0, 0x0000027a6b6eb568]
Event: 47.711 Thread 0x0000027a7f0ff800 6768  s    3       java.lang.ClassValue$ClassValueMap::finishEntry (117 bytes)
Event: 47.712 Thread 0x0000027a7f0ff800 nmethod 6768 0x0000027a6b6eba10 code [0x0000027a6b6ebce0, 0x0000027a6b6ed178]
Event: 47.763 Thread 0x0000027a7f0ff800 6770   !   3       java.lang.ClassLoader::loadClass (122 bytes)
Event: 47.765 Thread 0x0000027a7f0ff800 nmethod 6770 0x0000027a6b6ed610 code [0x0000027a6b6ed9e0, 0x0000027a6b6efc58]
Event: 47.790 Thread 0x0000027a7f0ff800 6774       3       sun.reflect.generics.repository.ConstructorRepository::computeExceptionTypes (62 bytes)
Event: 47.790 Thread 0x0000027a7f0ff800 nmethod 6774 0x0000027a6b6f0990 code [0x0000027a6b6f0bc0, 0x0000027a6b6f1588]
Event: 47.792 Thread 0x0000027a7f0ff800 6775  s    3       java.util.Hashtable::putAll (52 bytes)

GC Heap History (20 events):
Event: 40.955 GC heap before
{Heap before GC invocations=18 (full 0):
 garbage-first heap   total 101376K, used 77597K [0x0000000080000000, 0x0000000100000000)
  region size 1024K, 39 young (39936K), 6 survivors (6144K)
 Metaspace       used 53482K, capacity 54872K, committed 55036K, reserved 1097728K
  class space    used 6714K, capacity 7223K, committed 7244K, reserved 1048576K
}
Event: 40.971 GC heap after
{Heap after GC invocations=19 (full 0):
 garbage-first heap   total 101376K, used 45687K [0x0000000080000000, 0x0000000100000000)
  region size 1024K, 2 young (2048K), 2 survivors (2048K)
 Metaspace       used 53482K, capacity 54872K, committed 55036K, reserved 1097728K
  class space    used 6714K, capacity 7223K, committed 7244K, reserved 1048576K
}
Event: 42.708 GC heap before
{Heap before GC invocations=19 (full 0):
 garbage-first heap   total 101376K, used 78455K [0x0000000080000000, 0x0000000100000000)
  region size 1024K, 34 young (34816K), 2 survivors (2048K)
 Metaspace       used 58684K, capacity 60239K, committed 60368K, reserved 1101824K
  class space    used 7370K, capacity 7921K, committed 8012K, reserved 1048576K
}
Event: 42.716 GC heap after
{Heap after GC invocations=20 (full 0):
 garbage-first heap   total 101376K, used 46862K [0x0000000080000000, 0x0000000100000000)
  region size 1024K, 3 young (3072K), 3 survivors (3072K)
 Metaspace       used 58684K, capacity 60239K, committed 60368K, reserved 1101824K
  class space    used 7370K, capacity 7921K, committed 8012K, reserved 1048576K
}
Event: 42.736 GC heap before
{Heap before GC invocations=20 (full 0):
 garbage-first heap   total 101376K, used 46862K [0x0000000080000000, 0x0000000100000000)
  region size 1024K, 4 young (4096K), 3 survivors (3072K)
 Metaspace       used 58740K, capacity 60239K, committed 60368K, reserved 1101824K
  class space    used 7379K, capacity 7921K, committed 8012K, reserved 1048576K
}
Event: 42.754 GC heap after
{Heap after GC invocations=21 (full 0):
 garbage-first heap   total 101376K, used 46857K [0x0000000080000000, 0x0000000100000000)
  region size 1024K, 3 young (3072K), 3 survivors (3072K)
 Metaspace       used 58740K, capacity 60239K, committed 60368K, reserved 1101824K
  class space    used 7379K, capacity 7921K, committed 8012K, reserved 1048576K
}
Event: 43.391 GC heap before
{Heap before GC invocations=22 (full 0):
 garbage-first heap   total 101376K, used 59145K [0x0000000080000000, 0x0000000100000000)
  region size 1024K, 16 young (16384K), 3 survivors (3072K)
 Metaspace       used 60659K, capacity 62157K, committed 62416K, reserved 1103872K
  class space    used 7608K, capacity 8176K, committed 8268K, reserved 1048576K
}
Event: 43.422 GC heap after
{Heap after GC invocations=23 (full 0):
 garbage-first heap   total 101376K, used 48638K [0x0000000080000000, 0x0000000100000000)
  region size 1024K, 4 young (4096K), 4 survivors (4096K)
 Metaspace       used 60659K, capacity 62157K, committed 62416K, reserved 1103872K
  class space    used 7608K, capacity 8176K, committed 8268K, reserved 1048576K
}
Event: 43.485 GC heap before
{Heap before GC invocations=24 (full 0):
 garbage-first heap   total 101376K, used 56830K [0x0000000080000000, 0x0000000100000000)
  region size 1024K, 12 young (12288K), 4 survivors (4096K)
 Metaspace       used 60659K, capacity 62157K, committed 62416K, reserved 1103872K
  class space    used 7608K, capacity 8176K, committed 8268K, reserved 1048576K
}
Event: 43.495 GC heap after
{Heap after GC invocations=25 (full 0):
 garbage-first heap   total 101376K, used 51454K [0x0000000080000000, 0x0000000100000000)
  region size 1024K, 4 young (4096K), 4 survivors (4096K)
 Metaspace       used 60659K, capacity 62157K, committed 62416K, reserved 1103872K
  class space    used 7608K, capacity 8176K, committed 8268K, reserved 1048576K
}
Event: 43.647 GC heap before
{Heap before GC invocations=26 (full 0):
 garbage-first heap   total 101376K, used 59646K [0x0000000080000000, 0x0000000100000000)
  region size 1024K, 10 young (10240K), 4 survivors (4096K)
 Metaspace       used 60664K, capacity 62163K, committed 62416K, reserved 1103872K
  class space    used 7609K, capacity 8177K, committed 8268K, reserved 1048576K
}
Event: 43.667 GC heap after
{Heap after GC invocations=27 (full 0):
 garbage-first heap   total 101376K, used 55562K [0x0000000080000000, 0x0000000100000000)
  region size 1024K, 3 young (3072K), 3 survivors (3072K)
 Metaspace       used 60664K, capacity 62163K, committed 62416K, reserved 1103872K
  class space    used 7609K, capacity 8177K, committed 8268K, reserved 1048576K
}
Event: 44.824 GC heap before
{Heap before GC invocations=28 (full 0):
 garbage-first heap   total 101376K, used 78090K [0x0000000080000000, 0x0000000100000000)
  region size 1024K, 23 young (23552K), 3 survivors (3072K)
 Metaspace       used 62523K, capacity 64052K, committed 64336K, reserved 1105920K
  class space    used 7846K, capacity 8374K, committed 8396K, reserved 1048576K
}
Event: 44.827 GC heap after
{Heap after GC invocations=29 (full 0):
 garbage-first heap   total 101376K, used 54997K [0x0000000080000000, 0x0000000100000000)
  region size 1024K, 2 young (2048K), 2 survivors (2048K)
 Metaspace       used 62523K, capacity 64052K, committed 64336K, reserved 1105920K
  class space    used 7846K, capacity 8374K, committed 8396K, reserved 1048576K
}
Event: 46.478 GC heap before
{Heap before GC invocations=29 (full 0):
 garbage-first heap   total 101376K, used 76501K [0x0000000080000000, 0x0000000100000000)
  region size 1024K, 23 young (23552K), 2 survivors (2048K)
 Metaspace       used 63858K, capacity 65382K, committed 65616K, reserved 1105920K
  class space    used 7993K, capacity 8538K, committed 8652K, reserved 1048576K
}
Event: 46.485 GC heap after
{Heap after GC invocations=30 (full 0):
 garbage-first heap   total 101376K, used 56397K [0x0000000080000000, 0x0000000100000000)
  region size 1024K, 3 young (3072K), 3 survivors (3072K)
 Metaspace       used 63858K, capacity 65382K, committed 65616K, reserved 1105920K
  class space    used 7993K, capacity 8538K, committed 8652K, reserved 1048576K
}
Event: 46.926 GC heap before
{Heap before GC invocations=31 (full 0):
 garbage-first heap   total 101376K, used 60493K [0x0000000080000000, 0x0000000100000000)
  region size 1024K, 11 young (11264K), 3 survivors (3072K)
 Metaspace       used 64388K, capacity 65937K, committed 66128K, reserved 1107968K
  class space    used 8083K, capacity 8636K, committed 8652K, reserved 1048576K
}
Event: 46.936 GC heap after
{Heap after GC invocations=32 (full 0):
 garbage-first heap   total 101376K, used 54079K [0x0000000080000000, 0x0000000100000000)
  region size 1024K, 3 young (3072K), 3 survivors (3072K)
 Metaspace       used 64388K, capacity 65937K, committed 66128K, reserved 1107968K
  class space    used 8083K, capacity 8636K, committed 8652K, reserved 1048576K
}
Event: 47.744 GC heap before
{Heap before GC invocations=33 (full 0):
 garbage-first heap   total 101376K, used 75583K [0x0000000080000000, 0x0000000100000000)
  region size 1024K, 23 young (23552K), 3 survivors (3072K)
 Metaspace       used 65342K, capacity 66910K, committed 67152K, reserved 1107968K
  class space    used 8218K, capacity 8783K, committed 8908K, reserved 1048576K
}
Event: 47.754 GC heap after
{Heap after GC invocations=34 (full 0):
 garbage-first heap   total 101376K, used 55062K [0x0000000080000000, 0x0000000100000000)
  region size 1024K, 2 young (2048K), 2 survivors (2048K)
 Metaspace       used 65342K, capacity 66910K, committed 67152K, reserved 1107968K
  class space    used 8218K, capacity 8783K, committed 8908K, reserved 1048576K
}

Deoptimization events (20 events):
Event: 47.471 Thread 0x0000027a02cf9000 Uncommon trap: trap_request=0xffffffc6 fr.pc=0x0000027a721ba5b0 relative=0x00000000000007d0
Event: 47.471 Thread 0x0000027a02cf9000 Uncommon trap: reason=bimorphic_or_optimized_type_check action=maybe_recompile pc=0x0000027a721ba5b0 method=java.util.Arrays.binarySearch0([Ljava/lang/Object;IILjava/lang/Object;Ljava/util/Comparator;)I @ 48 c2
Event: 47.471 Thread 0x0000027a02cf9000 DEOPT PACKING pc=0x0000027a721ba5b0 sp=0x000000d1f5ff82b0
Event: 47.471 Thread 0x0000027a02cf9000 DEOPT UNPACKING pc=0x0000027a6a40a1af sp=0x000000d1f5ff8230 mode 2
Event: 47.471 Thread 0x0000027a02cf9000 Uncommon trap: trap_request=0xffffffc6 fr.pc=0x0000027a721ba5b0 relative=0x00000000000007d0
Event: 47.471 Thread 0x0000027a02cf9000 Uncommon trap: reason=bimorphic_or_optimized_type_check action=maybe_recompile pc=0x0000027a721ba5b0 method=java.util.Arrays.binarySearch0([Ljava/lang/Object;IILjava/lang/Object;Ljava/util/Comparator;)I @ 48 c2
Event: 47.471 Thread 0x0000027a02cf9000 DEOPT PACKING pc=0x0000027a721ba5b0 sp=0x000000d1f5ff82b0
Event: 47.471 Thread 0x0000027a02cf9000 DEOPT UNPACKING pc=0x0000027a6a40a1af sp=0x000000d1f5ff8230 mode 2
Event: 47.471 Thread 0x0000027a02cf9000 Uncommon trap: trap_request=0xffffffc6 fr.pc=0x0000027a721ba5b0 relative=0x00000000000007d0
Event: 47.471 Thread 0x0000027a02cf9000 Uncommon trap: reason=bimorphic_or_optimized_type_check action=maybe_recompile pc=0x0000027a721ba5b0 method=java.util.Arrays.binarySearch0([Ljava/lang/Object;IILjava/lang/Object;Ljava/util/Comparator;)I @ 48 c2
Event: 47.471 Thread 0x0000027a02cf9000 DEOPT PACKING pc=0x0000027a721ba5b0 sp=0x000000d1f5ff82b0
Event: 47.471 Thread 0x0000027a02cf9000 DEOPT UNPACKING pc=0x0000027a6a40a1af sp=0x000000d1f5ff8230 mode 2
Event: 47.624 Thread 0x0000027a02cf9000 Uncommon trap: trap_request=0xffffff4d fr.pc=0x0000027a72189ef4 relative=0x0000000000001654
Event: 47.624 Thread 0x0000027a02cf9000 Uncommon trap: reason=unstable_if action=reinterpret pc=0x0000027a72189ef4 method=java.lang.ClassLoader.checkCerts(Ljava/lang/String;Ljava/security/CodeSource;)V @ 29 c2
Event: 47.624 Thread 0x0000027a02cf9000 DEOPT PACKING pc=0x0000027a72189ef4 sp=0x000000d1f5ff7110
Event: 47.624 Thread 0x0000027a02cf9000 DEOPT UNPACKING pc=0x0000027a6a40a1af sp=0x000000d1f5ff7068 mode 2
Event: 47.626 Thread 0x0000027a02cf9000 Uncommon trap: trap_request=0xffffff4d fr.pc=0x0000027a720fe1f0 relative=0x0000000000000bb0
Event: 47.626 Thread 0x0000027a02cf9000 Uncommon trap: reason=unstable_if action=reinterpret pc=0x0000027a720fe1f0 method=java.lang.ClassLoader.loadClass(Ljava/lang/String;Z)Ljava/lang/Class; @ 29 c2
Event: 47.626 Thread 0x0000027a02cf9000 DEOPT PACKING pc=0x0000027a720fe1f0 sp=0x000000d1f5ff6b60
Event: 47.626 Thread 0x0000027a02cf9000 DEOPT UNPACKING pc=0x0000027a6a40a1af sp=0x000000d1f5ff6b28 mode 2

Classes redefined (0 events):
No events

Internal exceptions (20 events):
Event: 47.598 Thread 0x0000027a02cf9000 Exception <a 'java/lang/ClassNotFoundException'{0x00000000853ce628}: [Lcom/google/gms/googleservices/GoogleServicesPlugin$PluginType;Customizer> (0x00000000853ce628) thrown at [./src/hotspot/share/prims/jni.cpp, line 637]
Event: 47.620 Thread 0x0000027a02cf9000 Exception <a 'java/lang/ClassNotFoundException'{0x0000000085105bd8}: java/util/ArrayListBeanInfo> (0x0000000085105bd8) thrown at [./src/hotspot/share/classfile/systemDictionary.cpp, line 231]
Event: 47.621 Thread 0x0000027a02cf9000 Exception <a 'java/lang/ClassNotFoundException'{0x00000000851129b8}: java/util/AbstractListBeanInfo> (0x00000000851129b8) thrown at [./src/hotspot/share/classfile/systemDictionary.cpp, line 231]
Event: 47.621 Thread 0x0000027a02cf9000 Exception <a 'java/lang/ClassNotFoundException'{0x000000008511f7d8}: java/util/AbstractListCustomizer> (0x000000008511f7d8) thrown at [./src/hotspot/share/classfile/systemDictionary.cpp, line 231]
Event: 47.622 Thread 0x0000027a02cf9000 Exception <a 'java/lang/ClassNotFoundException'{0x0000000085136f60}: java/util/ArrayListCustomizer> (0x0000000085136f60) thrown at [./src/hotspot/share/classfile/systemDictionary.cpp, line 231]
Event: 47.624 Thread 0x0000027a02cf9000 Implicit null exception at 0x0000027a72188d4c to 0x0000027a72189edc
Event: 47.646 Thread 0x0000027a02cf9000 Exception <a 'java/lang/ClassNotFoundException'{0x00000000850d3b38}: org/gradle/api/internal/plugins/DefaultPluginContainerBeanInfo> (0x00000000850d3b38) thrown at [./src/hotspot/share/classfile/systemDictionary.cpp, line 231]
Event: 47.649 Thread 0x0000027a02cf9000 Exception <a 'java/lang/ClassNotFoundException'{0x0000000084f0a1e0}: org/gradle/api/internal/plugins/DefaultPluginCollectionBeanInfo> (0x0000000084f0a1e0) thrown at [./src/hotspot/share/classfile/systemDictionary.cpp, line 231]
Event: 47.651 Thread 0x0000027a02cf9000 Exception <a 'java/lang/ClassNotFoundException'{0x0000000084f3d288}: org/gradle/api/internal/DefaultDomainObjectSetBeanInfo> (0x0000000084f3d288) thrown at [./src/hotspot/share/classfile/systemDictionary.cpp, line 231]
Event: 47.652 Thread 0x0000027a02cf9000 Exception <a 'java/lang/ClassNotFoundException'{0x0000000084f70810}: org/gradle/api/internal/DefaultDomainObjectSetCustomizer> (0x0000000084f70810) thrown at [./src/hotspot/share/classfile/systemDictionary.cpp, line 231]
Event: 47.656 Thread 0x0000027a02cf9000 Exception <a 'java/lang/ClassNotFoundException'{0x0000000084fb3ee0}: org/gradle/api/internal/plugins/DefaultPluginCollectionCustomizer> (0x0000000084fb3ee0) thrown at [./src/hotspot/share/classfile/systemDictionary.cpp, line 231]
Event: 47.660 Thread 0x0000027a02cf9000 Exception <a 'java/lang/ClassNotFoundException'{0x0000000084e0f650}: org/gradle/api/internal/plugins/DefaultPluginContainerCustomizer> (0x0000000084e0f650) thrown at [./src/hotspot/share/classfile/systemDictionary.cpp, line 231]
Event: 47.780 Thread 0x0000027a02cf9000 Exception <a 'java/lang/ClassNotFoundException'{0x00000000862ef658}: com/android/build/gradle/internal/dsl/BaseAppModuleExtension_DecoratedBeanInfo> (0x00000000862ef658) thrown at [./src/hotspot/share/classfile/systemDictionary.cpp, line 231]
Event: 47.784 Thread 0x0000027a02cf9000 Exception <a 'java/lang/ClassNotFoundException'{0x000000008610d0d8}: com/android/build/gradle/internal/dsl/BaseAppModuleExtensionBeanInfo> (0x000000008610d0d8) thrown at [./src/hotspot/share/classfile/systemDictionary.cpp, line 231]
Event: 47.785 Thread 0x0000027a02cf9000 Exception <a 'java/lang/ClassNotFoundException'{0x0000000086126748}: com/android/build/gradle/AppExtensionBeanInfo> (0x0000000086126748) thrown at [./src/hotspot/share/classfile/systemDictionary.cpp, line 231]
Event: 47.786 Thread 0x0000027a02cf9000 Exception <a 'java/lang/ClassNotFoundException'{0x00000000861415e8}: com/android/build/gradle/AbstractAppExtensionBeanInfo> (0x00000000861415e8) thrown at [./src/hotspot/share/classfile/systemDictionary.cpp, line 231]
Event: 47.786 Thread 0x0000027a02cf9000 Exception <a 'java/lang/ClassNotFoundException'{0x000000008615b370}: com/android/build/gradle/TestedExtensionBeanInfo> (0x000000008615b370) thrown at [./src/hotspot/share/classfile/systemDictionary.cpp, line 231]
Event: 47.787 Thread 0x0000027a02cf9000 Exception <a 'java/lang/ClassNotFoundException'{0x0000000086175260}: com/android/build/gradle/BaseExtensionBeanInfo> (0x0000000086175260) thrown at [./src/hotspot/share/classfile/systemDictionary.cpp, line 231]
Event: 47.788 Thread 0x0000027a02cf9000 Exception <a 'java/lang/ClassNotFoundException'{0x000000008618efb0}: com/android/build/gradle/BaseExtensionCustomizer> (0x000000008618efb0) thrown at [./src/hotspot/share/classfile/systemDictionary.cpp, line 231]
Event: 47.792 Thread 0x0000027a02cf9000 Exception <a 'java/lang/ClassNotFoundException'{0x00000000860027c8}: com/android/build/gradle/TestedExtensionCustomizer> (0x00000000860027c8) thrown at [./src/hotspot/share/classfile/systemDictionary.cpp, line 231]

Events (20 events):
Event: 47.785 loading class com/android/build/gradle/AbstractAppExtensionBeanInfo
Event: 47.785 loading class com/android/build/gradle/AbstractAppExtensionBeanInfo done
Event: 47.786 loading class com/android/build/gradle/AbstractAppExtensionBeanInfo
Event: 47.786 loading class com/android/build/gradle/AbstractAppExtensionBeanInfo done
Event: 47.786 loading class com/android/build/gradle/TestedExtensionBeanInfo
Event: 47.786 loading class com/android/build/gradle/TestedExtensionBeanInfo done
Event: 47.786 loading class com/android/build/gradle/TestedExtensionBeanInfo
Event: 47.786 loading class com/android/build/gradle/TestedExtensionBeanInfo done
Event: 47.786 loading class com/android/build/gradle/BaseExtensionBeanInfo
Event: 47.786 loading class com/android/build/gradle/BaseExtensionBeanInfo done
Event: 47.787 loading class com/android/build/gradle/BaseExtensionBeanInfo
Event: 47.787 loading class com/android/build/gradle/BaseExtensionBeanInfo done
Event: 47.787 loading class com/android/build/gradle/BaseExtensionCustomizer
Event: 47.787 loading class com/android/build/gradle/BaseExtensionCustomizer done
Event: 47.788 loading class com/android/build/gradle/BaseExtensionCustomizer
Event: 47.788 loading class com/android/build/gradle/BaseExtensionCustomizer done
Event: 47.791 loading class com/android/build/gradle/TestedExtensionCustomizer
Event: 47.791 loading class com/android/build/gradle/TestedExtensionCustomizer done
Event: 47.792 loading class com/android/build/gradle/TestedExtensionCustomizer
Event: 47.792 loading class com/android/build/gradle/TestedExtensionCustomizer done


Dynamic libraries:
0x00007ff6fd820000 - 0x00007ff6fd82a000 	C:\Program Files\Android\Android Studio\jre\bin\java.exe
0x00007ff988d50000 - 0x00007ff988f64000 	C:\WINDOWS\SYSTEM32\ntdll.dll
0x00007ff986b10000 - 0x00007ff986bd3000 	C:\WINDOWS\System32\KERNEL32.DLL
0x00007ff9864a0000 - 0x00007ff98683d000 	C:\WINDOWS\System32\KERNELBASE.dll
0x00007ff986140000 - 0x00007ff986251000 	C:\WINDOWS\System32\ucrtbase.dll
0x00007ff9781b0000 - 0x00007ff9781c7000 	C:\Program Files\Android\Android Studio\jre\bin\VCRUNTIME140.dll
0x00007ff978190000 - 0x00007ff9781a9000 	C:\Program Files\Android\Android Studio\jre\bin\jli.dll
0x00007ff987930000 - 0x00007ff987add000 	C:\WINDOWS\System32\USER32.dll
0x00007ff97a140000 - 0x00007ff97a3ce000 	C:\WINDOWS\WinSxS\amd64_microsoft.windows.common-controls_6595b64144ccf1df_6.0.22621.608_none_a9444ca7c10bb01d\COMCTL32.dll
0x00007ff9863f0000 - 0x00007ff986416000 	C:\WINDOWS\System32\win32u.dll
0x00007ff9882a0000 - 0x00007ff988347000 	C:\WINDOWS\System32\msvcrt.dll
0x00007ff986f40000 - 0x00007ff986f69000 	C:\WINDOWS\System32\GDI32.dll
0x00007ff986260000 - 0x00007ff986372000 	C:\WINDOWS\System32\gdi32full.dll
0x00007ff986a70000 - 0x00007ff986b0a000 	C:\WINDOWS\System32\msvcp_win.dll
0x00007ff9873b0000 - 0x00007ff9873e2000 	C:\WINDOWS\System32\IMM32.DLL
0x00007ff9471f0000 - 0x00007ff94728d000 	C:\Program Files\Android\Android Studio\jre\bin\msvcp140.dll
0x00007ff94f050000 - 0x00007ff94fb52000 	C:\Program Files\Android\Android Studio\jre\bin\server\jvm.dll
0x00007ff986f70000 - 0x00007ff98701e000 	C:\WINDOWS\System32\ADVAPI32.dll
0x00007ff986c80000 - 0x00007ff986d24000 	C:\WINDOWS\System32\sechost.dll
0x00007ff9883c0000 - 0x00007ff9884d5000 	C:\WINDOWS\System32\RPCRT4.dll
0x00007ff986d30000 - 0x00007ff986d38000 	C:\WINDOWS\System32\PSAPI.DLL
0x00007ff97cfa0000 - 0x00007ff97cfd4000 	C:\WINDOWS\SYSTEM32\WINMM.dll
0x00007ff97ea70000 - 0x00007ff97ea7a000 	C:\WINDOWS\SYSTEM32\VERSION.dll
0x00007ff980f20000 - 0x00007ff980f29000 	C:\WINDOWS\SYSTEM32\WSOCK32.dll
0x00007ff987ae0000 - 0x00007ff987b51000 	C:\WINDOWS\System32\ws2_32.DLL
0x00007ff985280000 - 0x00007ff985298000 	C:\WINDOWS\SYSTEM32\kernel.appcore.dll
0x00007ff97f590000 - 0x00007ff97f5a1000 	C:\Program Files\Android\Android Studio\jre\bin\verify.dll
0x00007ff983770000 - 0x00007ff98399e000 	C:\WINDOWS\SYSTEM32\DBGHELP.DLL
0x00007ff987020000 - 0x00007ff9873aa000 	C:\WINDOWS\System32\combase.dll
0x00007ff987680000 - 0x00007ff987757000 	C:\WINDOWS\System32\OLEAUT32.dll
0x00007ff9799b0000 - 0x00007ff9799e2000 	C:\WINDOWS\SYSTEM32\dbgcore.DLL
0x00007ff986420000 - 0x00007ff98649b000 	C:\WINDOWS\System32\bcryptPrimitives.dll
0x00007ff9782c0000 - 0x00007ff9782e9000 	C:\Program Files\Android\Android Studio\jre\bin\java.dll
0x00007ff981190000 - 0x00007ff98119b000 	C:\Program Files\Android\Android Studio\jre\bin\jimage.dll
0x00007ff978270000 - 0x00007ff978288000 	C:\Program Files\Android\Android Studio\jre\bin\zip.dll
0x00007ff9884f0000 - 0x00007ff988cdf000 	C:\WINDOWS\System32\SHELL32.dll
0x00007ff984170000 - 0x00007ff984a38000 	C:\WINDOWS\SYSTEM32\windows.storage.dll
0x00007ff984030000 - 0x00007ff98416e000 	C:\WINDOWS\SYSTEM32\wintypes.dll
0x00007ff987fe0000 - 0x00007ff9880d1000 	C:\WINDOWS\System32\SHCORE.dll
0x00007ff986ee0000 - 0x00007ff986f3e000 	C:\WINDOWS\System32\shlwapi.dll
0x00007ff986070000 - 0x00007ff986091000 	C:\WINDOWS\SYSTEM32\profapi.dll
0x00007ff978050000 - 0x00007ff97806a000 	C:\Program Files\Android\Android Studio\jre\bin\net.dll
0x00007ff97e280000 - 0x00007ff97e3af000 	C:\WINDOWS\SYSTEM32\WINHTTP.dll
0x00007ff9856f0000 - 0x00007ff985759000 	C:\WINDOWS\system32\mswsock.dll
0x00007ff977d50000 - 0x00007ff977d64000 	C:\Program Files\Android\Android Studio\jre\bin\nio.dll
0x00007ff959630000 - 0x00007ff959657000 	C:\Users\amiru\.gradle\native\e1d6ef7f7dcc3fd88c89a11ec53ec762bb8ba0a96d01ffa2cd45eb1d1d8dd5c5\windows-amd64\native-platform.dll
0x00007ff946130000 - 0x00007ff946274000 	C:\Users\amiru\.gradle\native\0d407fdbe67a94daf76414ababcb853783967236a71b16ec16e742cd7a986fd3\windows-amd64\native-platform-file-events.dll
0x00007ff97f580000 - 0x00007ff97f58a000 	C:\Program Files\Android\Android Studio\jre\bin\management.dll
0x00007ff97e810000 - 0x00007ff97e81d000 	C:\Program Files\Android\Android Studio\jre\bin\management_ext.dll
0x00007ff985940000 - 0x00007ff98595b000 	C:\WINDOWS\SYSTEM32\CRYPTSP.dll
0x00007ff9851f0000 - 0x00007ff985225000 	C:\WINDOWS\system32\rsaenh.dll
0x00007ff9857e0000 - 0x00007ff985808000 	C:\WINDOWS\SYSTEM32\USERENV.dll
0x00007ff985b00000 - 0x00007ff985b28000 	C:\WINDOWS\SYSTEM32\bcrypt.dll
0x00007ff985960000 - 0x00007ff98596c000 	C:\WINDOWS\SYSTEM32\CRYPTBASE.dll
0x00007ff984d00000 - 0x00007ff984d2d000 	C:\WINDOWS\SYSTEM32\IPHLPAPI.DLL
0x00007ff9873f0000 - 0x00007ff9873f9000 	C:\WINDOWS\System32\NSI.dll
0x00007ff97cb80000 - 0x00007ff97cb99000 	C:\WINDOWS\SYSTEM32\dhcpcsvc6.DLL
0x00007ff97cb60000 - 0x00007ff97cb7f000 	C:\WINDOWS\SYSTEM32\dhcpcsvc.DLL
0x00007ff984d30000 - 0x00007ff984e22000 	C:\WINDOWS\SYSTEM32\DNSAPI.dll

dbghelp: loaded successfully - version: 4.0.5 - missing functions: none
symbol engine: initialized successfully - sym options: 0x614 - pdb path: .;C:\Program Files\Android\Android Studio\jre\bin;C:\WINDOWS\SYSTEM32;C:\WINDOWS\WinSxS\amd64_microsoft.windows.common-controls_6595b64144ccf1df_6.0.22621.608_none_a9444ca7c10bb01d;C:\Program Files\Android\Android Studio\jre\bin\server;C:\Users\amiru\.gradle\native\e1d6ef7f7dcc3fd88c89a11ec53ec762bb8ba0a96d01ffa2cd45eb1d1d8dd5c5\windows-amd64;C:\Users\amiru\.gradle\native\0d407fdbe67a94daf76414ababcb853783967236a71b16ec16e742cd7a986fd3\windows-amd64

VM Arguments:
jvm_args: --add-opens=java.base/java.util=ALL-UNNAMED --add-opens=java.base/java.lang=ALL-UNNAMED --add-opens=java.base/java.lang.invoke=ALL-UNNAMED --add-opens=java.base/java.util=ALL-UNNAMED --add-opens=java.prefs/java.util.prefs=ALL-UNNAMED --add-opens=java.prefs/java.util.prefs=ALL-UNNAMED --add-opens=java.base/java.nio.charset=ALL-UNNAMED --add-opens=java.base/java.net=ALL-UNNAMED --add-opens=java.base/java.util.concurrent.atomic=ALL-UNNAMED -Xmx2048m -Dfile.encoding=UTF-8 -Duser.country=MY -Duser.language=en -Duser.variant 
java_command: org.gradle.launcher.daemon.bootstrap.GradleDaemon 7.4
java_class_path (initial): C:\Users\amiru\.gradle\wrapper\dists\gradle-7.4-bin\c0gwcg53nkjbqw7r0h0umtfvt\gradle-7.4\lib\gradle-launcher-7.4.jar
Launcher Type: SUN_STANDARD

[Global flags]
     intx CICompilerCount                          = 3                                         {product} {ergonomic}
     uint ConcGCThreads                            = 2                                         {product} {ergonomic}
     uint G1ConcRefinementThreads                  = 6                                         {product} {ergonomic}
   size_t G1HeapRegionSize                         = 1048576                                   {product} {ergonomic}
    uintx GCDrainStackTargetSize                   = 64                                        {product} {ergonomic}
   size_t InitialHeapSize                          = 58720256                                  {product} {ergonomic}
   size_t MarkStackSize                            = 4194304                                   {product} {ergonomic}
   size_t MaxHeapSize                              = 2147483648                                {product} {command line}
   size_t MaxNewSize                               = 1287651328                                {product} {ergonomic}
   size_t MinHeapDeltaBytes                        = 1048576                                   {product} {ergonomic}
    uintx NonNMethodCodeHeapSize                   = 5830732                                {pd product} {ergonomic}
    uintx NonProfiledCodeHeapSize                  = 122913754                              {pd product} {ergonomic}
    uintx ProfiledCodeHeapSize                     = 122913754                              {pd product} {ergonomic}
    uintx ReservedCodeCacheSize                    = 251658240                              {pd product} {ergonomic}
     bool SegmentedCodeCache                       = true                                      {product} {ergonomic}
     bool UseCompressedClassPointers               = true                                 {lp64_product} {ergonomic}
     bool UseCompressedOops                        = true                                 {lp64_product} {ergonomic}
     bool UseG1GC                                  = true                                      {product} {ergonomic}
     bool UseLargePagesIndividualAllocation        = false                                  {pd product} {ergonomic}

Logging:
Log output configuration:
 #0: stdout all=warning uptime,level,tags
 #1: stderr all=off uptime,level,tags

Environment Variables:
PATH=C:\Program Files\Common Files\Oracle\Java\javapath;C:\oraclexe\app\oracle\product\11.2.0\server\bin;C:\ProgramData\Oracle\Java\javapath;C:\WINDOWS\system32;C:\WINDOWS;C:\WINDOWS\System32\Wbem;C:\WINDOWS\System32\WindowsPowerShell\v1.0\;C:\WINDOWS\System32\OpenSSH\;C:\Program Files (x86)\dotnet\;C:\Program Files\Java\jdk-19\bin;C:\Users\amiru\AppData\Local\Programs\Python\Python38;C:\Program Files\Git\cmd;C:\Users\amiru\AppData\Local\Programs\Python\Python38\Scripts\;C:\Users\amiru\AppData\Local\Programs\Python\Python38\;C:\Program Files\Common Files\Oracle\Java\javapath;C:\oraclexe\app\oracle\product\11.2.0\server\bin;C:\ProgramData\Oracle\Java\javapath;C:\WINDOWS\system32;C:\WINDOWS;C:\WINDOWS\System32\Wbem;C:\WINDOWS\System32\WindowsPowerShell\v1.0\;C:\WINDOWS\System32\OpenSSH\;C:\Program Files (x86)\dotnet\;C:\Program Files\Java\jdk-19\bin;C:\Users\amiru\AppData\Local\Programs\Python\Python38;C:\Users\amiru\AppData\Local\Microsoft\WindowsApps;C:\Python34\Scripts; C:\Python38\Scripts;C:\Users\amiru\AppData\Local\Microsoft\WindowsApps;;C:\Users\amiru\AppData\Local\Programs\Microsoft VS Code\bin
USERNAME=amiru
OS=Windows_NT
PROCESSOR_IDENTIFIER=AMD64 Family 23 Model 96 Stepping 1, AuthenticAMD



---------------  S Y S T E M  ---------------

OS: Windows 11 , 64 bit Build 22621 (10.0.22621.1105)
OS uptime: 2 days 22:26 hours

CPU:total 6 (initial active 6) (6 cores per cpu, 1 threads per core) family 23 model 96 stepping 1 microcode 0x0, cmov, cx8, fxsr, mmx, sse, sse2, sse3, ssse3, sse4.1, sse4.2, popcnt, avx, avx2, aes, clmul, mmxext, 3dnowpref, lzcnt, sse4a, tsc, tscinvbit, tscinv, bmi1, bmi2, adx, sha, fma

Memory: 4k page, system-wide physical 3503M (34M free)
TotalPageFile size 14255M (AvailPageFile size 21M)
current process WorkingSet (physical memory assigned to process): 201M, peak: 219M
current process commit charge ("private bytes"): 323M, peak: 324M

vm_info: OpenJDK 64-Bit Server VM (11.0.13+0-b1751.21-8125866) for windows-amd64 JRE (11.0.13+0-b1751.21-8125866), built on Feb  2 2022 03:00:22 by "builder" with MS VC++ 14.0 (VS2015)

END.
